Arguments: 
  C:\Program Files\nodejs\node.exe C:\Users\rajsk\AppData\Roaming\npm\node_modules\yarn\bin\yarn.js add @faker-js

PATH: 
  D:\Programy\Git\mingw64\bin;D:\Programy\Git\usr\bin;C:\Users\rajsk\bin;C:\Program Files\Python311\Scripts;C:\Program Files\Python311;C:\Windows\system32;C:\Windows;C:\Windows\System32\Wbem;C:\Windows\System32\WindowsPowerShell\v1.0;C:\Windows\System32\OpenSSH;D:\Programy\Git\cmd;C:\Users\rajsk\AppData\Roaming\nvm;C:\Program Files\nodejs;C:\Program Files\Docker\Docker\resources\bin;C:\Program Files\dotnet;C:\Users\rajsk\AppData\Local\Microsoft\WindowsApps;D:\Programy\Microsoft VS Code\bin;C:\Users\rajsk\AppData\Roaming\npm;C:\Users\rajsk\AppData\Roaming\nvm;C:\Program Files\nodejs;C:\Users\rajsk\.vscode\extensions\ms-python.debugpy-2025.6.0-win32-x64\bundled\scripts\noConfigScripts

Yarn version: 
  1.22.19

Node version: 
  20.10.0

Platform: 
  win32 x64

Trace: 
  Error: https://registry.yarnpkg.com/@faker-js: Request "https://registry.yarnpkg.com/@faker-js" returned a 405
      at params.callback [as _callback] (C:\Users\rajsk\AppData\Roaming\npm\node_modules\yarn\lib\cli.js:66154:18)
      at self.callback (C:\Users\rajsk\AppData\Roaming\npm\node_modules\yarn\lib\cli.js:140890:22)
      at Request.emit (node:events:514:28)
      at Request.<anonymous> (C:\Users\rajsk\AppData\Roaming\npm\node_modules\yarn\lib\cli.js:141862:10)
      at Request.emit (node:events:514:28)
      at IncomingMessage.<anonymous> (C:\Users\rajsk\AppData\Roaming\npm\node_modules\yarn\lib\cli.js:141784:12)
      at Object.onceWrapper (node:events:628:28)
      at IncomingMessage.emit (node:events:526:35)
      at endReadableNT (node:internal/streams/readable:1589:12)
      at process.processTicksAndRejections (node:internal/process/task_queues:82:21)

npm manifest: 
  {
    "scripts": {
      "start": "ts-node bot.ts"
    },
    "dependencies": {
      "@types/lodash": "^4.17.16",
      "lodash": "^4.17.21",
      "playwright": "^1.51.1"
    }
  }

yarn manifest: 
  No manifest

Lockfile: 
  # THIS IS AN AUTOGENERATED FILE. DO NOT EDIT THIS FILE DIRECTLY.
  # yarn lockfile v1
  
  
  "@types/lodash@^4.17.16":
    version "4.17.16"
    resolved "https://registry.yarnpkg.com/@types/lodash/-/lodash-4.17.16.tgz#94ae78fab4a38d73086e962d0b65c30d816bfb0a"
    integrity sha512-HX7Em5NYQAXKW+1T+FiuG27NGwzJfCX3s1GjOa7ujxZa52kjJLOr4FUxT+giF6Tgxv1e+/czV/iTtBw27WTU9g==
  
  fsevents@2.3.2:
    version "2.3.2"
    resolved "https://registry.yarnpkg.com/fsevents/-/fsevents-2.3.2.tgz#8a526f78b8fdf4623b709e0b975c52c24c02fd1a"
    integrity sha512-xiqMQR4xAeHTuB9uWm+fFRcIOgKBMiOBP+eXiyT7jsgVCq1bkVygt00oASowB7EdtpOHaaPgKt812P9ab+DDKA==
  
  lodash@^4.17.21:
    version "4.17.21"
    resolved "https://registry.yarnpkg.com/lodash/-/lodash-4.17.21.tgz#679591c564c3bffaae8454cf0b3df370c3d6911c"
    integrity sha512-v2kDEe57lecTulaDIuNTPy3Ry4gLGJ6Z1O3vE1krgXZNrsQ+LFTGHVxVjcXPs17LhbZVGedAJv8XZ1tvj5FvSg==
  
  playwright-core@1.51.1:
    version "1.51.1"
    resolved "https://registry.yarnpkg.com/playwright-core/-/playwright-core-1.51.1.tgz#d57f0393e02416f32a47cf82b27533656a8acce1"
    integrity sha512-/crRMj8+j/Nq5s8QcvegseuyeZPxpQCZb6HNk3Sos3BlZyAknRjoyJPFWkpNn8v0+P3WiwqFF8P+zQo4eqiNuw==
  
  playwright@^1.51.1:
    version "1.51.1"
    resolved "https://registry.yarnpkg.com/playwright/-/playwright-1.51.1.tgz#ae1467ee318083968ad28d6990db59f47a55390f"
    integrity sha512-kkx+MB2KQRkyxjYPc3a0wLZZoDczmppyGJIvQ43l+aZihkaVvmu/21kiyaHeHjiFxjxNNFnUncKmcGIyOojsaw==
    dependencies:
      playwright-core "1.51.1"
    optionalDependencies:
      fsevents "2.3.2"
